TN:
SF:/home/mojann/WebstormProjects/blockchainViewer/src/Root.js
FN:10,renderRouteConfigV3
FN:14,(anonymous_1)
FN:27,(anonymous_2)
FN:34,(anonymous_3)
FN:38,(anonymous_4)
FN:49,(anonymous_5)
FNF:6
FNH:5
FNDA:4,renderRouteConfigV3
FNDA:13,(anonymous_1)
FNDA:0,(anonymous_2)
FNDA:8,(anonymous_3)
FNDA:5,(anonymous_4)
FNDA:2,(anonymous_5)
DA:12,4
DA:14,4
DA:16,13
DA:17,5
DA:19,8
DA:21,13
DA:22,13
DA:23,2
DA:24,2
DA:27,0
DA:31,11
DA:32,4
DA:33,7
DA:34,8
DA:38,5
DA:41,4
DA:50,2
DA:51,2
LF:18
LH:17
BRDA:16,0,0,5
BRDA:16,0,1,8
BRDA:22,1,0,2
BRDA:22,1,1,11
BRDA:22,2,0,13
BRDA:22,2,1,6
BRDA:31,3,0,4
BRDA:31,3,1,7
BRDA:33,4,0,3
BRDA:33,4,1,4
BRF:10
BRH:10
end_of_record
TN:
SF:/home/mojann/WebstormProjects/blockchainViewer/src/index.js
FN:14,renderApp
FNF:1
FNH:1
FNDA:1,renderApp
DA:12,1
DA:15,1
DA:23,1
DA:27,1
LF:4
LH:4
BRDA:27,0,0,1
BRF:1
BRH:1
end_of_record
TN:
SF:/home/mojann/WebstormProjects/blockchainViewer/src/common/configStore.js
FN:15,(anonymous_0)
FN:29,configureStore
FNF:2
FNH:2
FNDA:2,(anonymous_0)
FNDA:2,configureStore
DA:7,1
DA:10,1
DA:15,2
DA:18,1
DA:30,2
DA:36,2
DA:43,2
LF:7
LH:7
BRDA:18,0,0,1
BRDA:36,1,0,2
BRF:2
BRH:2
end_of_record
TN:
SF:/home/mojann/WebstormProjects/blockchainViewer/src/common/history.js
FNF:0
FNH:0
DA:4,1
LF:1
LH:1
BRF:0
BRH:0
end_of_record
TN:
SF:/home/mojann/WebstormProjects/blockchainViewer/src/common/rootReducer.js
FNF:0
FNH:0
DA:14,1
LF:1
LH:1
BRF:0
BRH:0
end_of_record
TN:
SF:/home/mojann/WebstormProjects/blockchainViewer/src/common/routeConfig.js
FN:25,(anonymous_0)
FN:30,handleIndexRoute
FN:35,(anonymous_2)
FNF:3
FNH:3
FNDA:6,(anonymous_0)
FNDA:5,handleIndexRoute
FNDA:3,(anonymous_2)
DA:11,1
DA:19,1
DA:25,6
DA:31,5
DA:32,3
DA:35,3
DA:36,2
DA:37,1
DA:38,1
DA:39,1
DA:40,1
DA:41,1
DA:43,2
DA:46,1
LF:14
LH:14
BRDA:25,0,0,6
BRDA:25,0,1,5
BRDA:25,0,2,5
BRDA:31,1,0,3
BRDA:31,1,1,2
BRDA:31,2,0,5
BRDA:31,2,1,2
BRDA:36,3,0,1
BRDA:36,3,1,1
BRF:9
BRH:9
end_of_record
TN:
SF:/home/mojann/WebstormProjects/blockchainViewer/src/features/accounts/Accounts.js
FN:21,(anonymous_0)
FN:30,(anonymous_1)
FN:35,(anonymous_2)
FNF:3
FNH:0
FNDA:0,(anonymous_0)
FNDA:0,(anonymous_1)
FNDA:0,(anonymous_2)
DA:22,0
DA:23,0
DA:24,0
DA:26,0
DA:31,0
DA:32,0
DA:36,0
DA:37,0
DA:38,0
DA:39,0
DA:40,0
DA:41,0
DA:42,0
DA:43,0
DA:44,0
DA:46,0
DA:49,0
DA:51,0
LF:18
LH:0
BRDA:22,0,0,0
BRDA:22,0,1,0
BRDA:39,1,0,0
BRDA:39,1,1,0
BRDA:40,2,0,0
BRDA:40,2,1,0
BRDA:42,3,0,0
BRDA:42,3,1,0
BRF:8
BRH:0
end_of_record
TN:
SF:/home/mojann/WebstormProjects/blockchainViewer/src/features/accounts/RenderAccount.js
FN:16,(anonymous_0)
FN:20,(anonymous_1)
FN:21,(anonymous_2)
FNF:3
FNH:0
FNDA:0,(anonymous_0)
FNDA:0,(anonymous_1)
FNDA:0,(anonymous_2)
DA:17,0
DA:21,0
DA:22,0
DA:23,0
DA:24,0
DA:26,0
DA:28,0
LF:7
LH:0
BRDA:23,0,0,0
BRDA:23,0,1,0
BRF:2
BRH:0
end_of_record
TN:
SF:/home/mojann/WebstormProjects/blockchainViewer/src/features/accounts/RenderAccounts.js
FN:15,(anonymous_0)
FN:16,(anonymous_1)
FNF:2
FNH:0
FNDA:0,(anonymous_0)
FNDA:0,(anonymous_1)
DA:16,0
DA:17,0
DA:20,0
LF:3
LH:0
BRF:0
BRH:0
end_of_record
TN:
SF:/home/mojann/WebstormProjects/blockchainViewer/src/features/accounts/route.js
FNF:0
FNH:0
LF:0
LH:0
BRF:0
BRH:0
end_of_record
TN:
SF:/home/mojann/WebstormProjects/blockchainViewer/src/features/accounts/redux/actions.js
FNF:0
FNH:0
LF:0
LH:0
BRF:0
BRH:0
end_of_record
TN:
SF:/home/mojann/WebstormProjects/blockchainViewer/src/features/accounts/redux/constants.js
FNF:0
FNH:0
DA:1,1
DA:2,1
DA:3,1
DA:4,1
DA:5,1
DA:6,1
DA:7,1
DA:8,1
LF:8
LH:8
BRF:0
BRH:0
end_of_record
TN:
SF:/home/mojann/WebstormProjects/blockchainViewer/src/features/accounts/redux/getAccountsProvider.js
FN:13,getAccountsProvider
FN:15,(anonymous_1)
FN:20,(anonymous_2)
FN:25,(anonymous_3)
FN:36,dismissGetAccountsProviderError
FN:42,reducer
FN:55,(anonymous_6)
FNF:7
FNH:3
FNDA:0,getAccountsProvider
FNDA:0,(anonymous_1)
FNDA:0,(anonymous_2)
FNDA:0,(anonymous_3)
FNDA:1,dismissGetAccountsProviderError
FNDA:10,reducer
FNDA:2,(anonymous_6)
DA:9,1
DA:14,0
DA:15,0
DA:16,0
DA:20,0
DA:21,0
DA:26,0
DA:37,1
DA:43,10
DA:46,1
DA:47,1
DA:55,1
DA:56,2
DA:57,2
DA:59,1
DA:68,1
DA:76,1
DA:82,6
LF:18
LH:12
BRDA:43,0,0,1
BRDA:43,0,1,1
BRDA:43,0,2,1
BRDA:43,0,3,1
BRDA:43,0,4,6
BRF:5
BRH:5
end_of_record
TN:
SF:/home/mojann/WebstormProjects/blockchainViewer/src/features/accounts/redux/getBalance.js
FN:11,getBalance
FN:13,(anonymous_1)
FN:18,(anonymous_2)
FN:24,(anonymous_3)
FN:35,dismissGetBalanceError
FN:41,reducer
FN:53,(anonymous_6)
FNF:7
FNH:3
FNDA:0,getBalance
FNDA:0,(anonymous_1)
FNDA:0,(anonymous_2)
FNDA:0,(anonymous_3)
FNDA:1,dismissGetBalanceError
FNDA:10,reducer
FNDA:2,(anonymous_6)
DA:12,0
DA:13,0
DA:14,0
DA:18,0
DA:19,0
DA:25,0
DA:36,1
DA:42,10
DA:45,1
DA:53,1
DA:54,2
DA:55,1
DA:58,1
DA:67,1
DA:75,1
DA:81,6
LF:16
LH:10
BRDA:42,0,0,1
BRDA:42,0,1,1
BRDA:42,0,2,1
BRDA:42,0,3,1
BRDA:42,0,4,6
BRDA:54,1,0,1
BRDA:54,1,1,1
BRF:7
BRH:7
end_of_record
TN:
SF:/home/mojann/WebstormProjects/blockchainViewer/src/features/accounts/redux/initialState.js
FNF:0
FNH:0
DA:8,1
LF:1
LH:1
BRF:0
BRH:0
end_of_record
TN:
SF:/home/mojann/WebstormProjects/blockchainViewer/src/features/accounts/redux/reducer.js
FN:18,reducer
FN:26,(anonymous_1)
FNF:2
FNH:2
FNDA:6,reducer
FNDA:12,(anonymous_1)
DA:13,1
DA:20,6
DA:23,6
DA:24,6
DA:26,12
LF:5
LH:5
BRDA:18,0,0,4
BRDA:20,1,0,6
BRF:2
BRH:2
end_of_record
TN:
SF:/home/mojann/WebstormProjects/blockchainViewer/src/features/common/PageNotFound.js
FN:4,(anonymous_0)
FNF:1
FNH:0
FNDA:0,(anonymous_0)
DA:5,0
LF:1
LH:0
BRF:0
BRH:0
end_of_record
TN:
SF:/home/mojann/WebstormProjects/blockchainViewer/src/features/common/index.js
FNF:0
FNH:0
LF:0
LH:0
BRF:0
BRH:0
end_of_record
TN:
SF:/home/mojann/WebstormProjects/blockchainViewer/src/features/common/route.js
FNF:0
FNH:0
LF:0
LH:0
BRF:0
BRH:0
end_of_record
TN:
SF:/home/mojann/WebstormProjects/blockchainViewer/src/features/common/redux/initialState.js
FNF:0
FNH:0
DA:9,1
LF:1
LH:1
BRF:0
BRH:0
end_of_record
TN:
SF:/home/mojann/WebstormProjects/blockchainViewer/src/features/common/redux/reducer.js
FN:14,reducer
FNF:1
FNH:1
FNDA:5,reducer
DA:11,1
DA:16,5
DA:19,5
DA:20,5
LF:4
LH:4
BRDA:14,0,0,4
BRDA:16,1,0,5
BRF:2
BRH:2
end_of_record
TN:
SF:/home/mojann/WebstormProjects/blockchainViewer/src/features/home/App.js
FN:20,(anonymous_0)
FN:26,(anonymous_1)
FN:41,(anonymous_2)
FN:45,(anonymous_3)
FN:49,(anonymous_4)
FN:53,(anonymous_5)
FN:57,(anonymous_6)
FN:61,(anonymous_7)
FNF:8
FNH:0
FNDA:0,(anonymous_0)
FNDA:0,(anonymous_1)
FNDA:0,(anonymous_2)
FNDA:0,(anonymous_3)
FNDA:0,(anonymous_4)
FNDA:0,(anonymous_5)
FNDA:0,(anonymous_6)
FNDA:0,(anonymous_7)
DA:21,0
DA:22,0
DA:27,0
DA:28,0
DA:30,0
DA:31,0
DA:33,0
DA:34,0
DA:36,0
DA:38,0
DA:41,0
DA:45,0
DA:49,0
DA:53,0
DA:57,0
DA:61,0
LF:16
LH:0
BRDA:21,0,0,0
BRDA:21,0,1,0
BRDA:28,1,0,0
BRDA:28,1,1,0
BRDA:28,1,2,0
BRF:5
BRH:0
end_of_record
TN:
SF:/home/mojann/WebstormProjects/blockchainViewer/src/features/home/DefaultPage.js
FN:14,(anonymous_0)
FNF:1
FNH:0
FNDA:0,(anonymous_0)
DA:15,0
DA:16,0
DA:17,0
DA:18,0
DA:20,0
DA:22,0
LF:6
LH:0
BRDA:17,0,0,0
BRDA:17,0,1,0
BRF:2
BRH:0
end_of_record
TN:
SF:/home/mojann/WebstormProjects/blockchainViewer/src/features/home/index.js
FNF:0
FNH:0
LF:0
LH:0
BRF:0
BRH:0
end_of_record
TN:
SF:/home/mojann/WebstormProjects/blockchainViewer/src/features/home/route.js
FNF:0
FNH:0
LF:0
LH:0
BRF:0
BRH:0
end_of_record
TN:
SF:/home/mojann/WebstormProjects/blockchainViewer/src/features/home/redux/actions.js
FNF:0
FNH:0
LF:0
LH:0
BRF:0
BRH:0
end_of_record
TN:
SF:/home/mojann/WebstormProjects/blockchainViewer/src/features/home/redux/initialState.js
FNF:0
FNH:0
DA:1,1
LF:1
LH:1
BRF:0
BRH:0
end_of_record
TN:
SF:/home/mojann/WebstormProjects/blockchainViewer/src/features/home/redux/reducer.js
FN:6,reducer
FNF:1
FNH:1
FNDA:6,reducer
DA:3,1
DA:8,6
DA:11,6
DA:12,6
LF:4
LH:4
BRDA:6,0,0,4
BRDA:8,1,0,6
BRF:2
BRH:2
end_of_record
TN:
SF:/home/mojann/WebstormProjects/blockchainViewer/src/features/provider/Provider.js
FN:22,(anonymous_0)
FN:28,(anonymous_1)
FN:46,(anonymous_2)
FN:64,(anonymous_3)
FN:66,(anonymous_4)
FNF:5
FNH:0
FNDA:0,(anonymous_0)
FNDA:0,(anonymous_1)
FNDA:0,(anonymous_2)
FNDA:0,(anonymous_3)
FNDA:0,(anonymous_4)
DA:23,0
DA:24,0
DA:25,0
DA:29,0
DA:30,0
DA:31,0
DA:32,0
DA:34,0
DA:35,0
DA:37,0
DA:38,0
DA:39,0
DA:41,0
DA:42,0
DA:47,0
DA:48,0
DA:49,0
DA:50,0
DA:51,0
DA:52,0
DA:53,0
DA:54,0
DA:55,0
DA:56,0
DA:59,0
DA:64,0
DA:66,0
LF:27
LH:0
BRDA:29,0,0,0
BRDA:29,0,1,0
BRDA:30,1,0,0
BRDA:30,1,1,0
BRDA:30,2,0,0
BRDA:30,2,1,0
BRDA:49,3,0,0
BRDA:49,3,1,0
BRDA:50,4,0,0
BRDA:50,4,1,0
BRDA:52,5,0,0
BRDA:52,5,1,0
BRDA:55,6,0,0
BRDA:55,6,1,0
BRDA:55,7,0,0
BRDA:55,7,1,0
BRF:16
BRH:0
end_of_record
TN:
SF:/home/mojann/WebstormProjects/blockchainViewer/src/features/provider/route.js
FNF:0
FNH:0
LF:0
LH:0
BRF:0
BRH:0
end_of_record
TN:
SF:/home/mojann/WebstormProjects/blockchainViewer/src/features/provider/redux/actions.js
FNF:0
FNH:0
LF:0
LH:0
BRF:0
BRH:0
end_of_record
TN:
SF:/home/mojann/WebstormProjects/blockchainViewer/src/features/provider/redux/addProvider.js
FN:8,addProvider
FN:15,reducer
FNF:2
FNH:2
FNDA:2,addProvider
FNDA:7,reducer
DA:9,2
DA:16,7
DA:18,1
DA:26,6
LF:4
LH:4
BRDA:16,0,0,1
BRDA:16,0,1,6
BRF:2
BRH:2
end_of_record
TN:
SF:/home/mojann/WebstormProjects/blockchainViewer/src/features/provider/redux/connectionStatus.js
FN:11,connectionStatus
FN:13,(anonymous_1)
FN:14,(anonymous_2)
FN:18,(anonymous_3)
FN:29,dismissConnectionStatusError
FN:35,reducer
FNF:6
FNH:2
FNDA:0,connectionStatus
FNDA:0,(anonymous_1)
FNDA:0,(anonymous_2)
FNDA:0,(anonymous_3)
FNDA:1,dismissConnectionStatusError
FNDA:10,reducer
DA:12,0
DA:13,0
DA:14,0
DA:15,0
DA:19,0
DA:30,1
DA:36,10
DA:39,1
DA:47,1
DA:56,1
DA:65,1
DA:71,6
LF:12
LH:7
BRDA:36,0,0,1
BRDA:36,0,1,1
BRDA:36,0,2,1
BRDA:36,0,3,1
BRDA:36,0,4,6
BRF:5
BRH:5
end_of_record
TN:
SF:/home/mojann/WebstormProjects/blockchainViewer/src/features/provider/redux/constants.js
FNF:0
FNH:0
DA:1,1
DA:2,1
DA:3,1
DA:4,1
DA:5,1
LF:5
LH:5
BRF:0
BRH:0
end_of_record
TN:
SF:/home/mojann/WebstormProjects/blockchainViewer/src/features/provider/redux/initialState.js
FNF:0
FNH:0
DA:8,1
LF:1
LH:1
BRF:0
BRH:0
end_of_record
TN:
SF:/home/mojann/WebstormProjects/blockchainViewer/src/features/provider/redux/reducer.js
FN:18,reducer
FN:26,(anonymous_1)
FNF:2
FNH:2
FNDA:6,reducer
FNDA:12,(anonymous_1)
DA:13,1
DA:20,6
DA:23,6
DA:24,6
DA:26,12
LF:5
LH:5
BRDA:18,0,0,4
BRDA:20,1,0,6
BRF:2
BRH:2
end_of_record
TN:
SF:/home/mojann/WebstormProjects/blockchainViewer/src/features/ui/ErrorMessage.js
FN:9,(anonymous_0)
FNF:1
FNH:1
FNDA:1,(anonymous_0)
DA:10,1
LF:1
LH:1
BRF:0
BRH:0
end_of_record
TN:
SF:/home/mojann/WebstormProjects/blockchainViewer/src/features/ui/Loading.js
FN:10,(anonymous_0)
FNF:1
FNH:1
FNDA:2,(anonymous_0)
DA:11,2
DA:12,2
DA:13,1
DA:15,2
LF:4
LH:4
BRDA:12,0,0,1
BRDA:12,0,1,1
BRF:2
BRH:2
end_of_record
TN:
SF:/home/mojann/WebstormProjects/blockchainViewer/src/features/ui/index.js
FNF:0
FNH:0
LF:0
LH:0
BRF:0
BRH:0
end_of_record
TN:
SF:/home/mojann/WebstormProjects/blockchainViewer/src/features/ui/route.js
FNF:0
FNH:0
LF:0
LH:0
BRF:0
BRH:0
end_of_record
TN:
SF:/home/mojann/WebstormProjects/blockchainViewer/src/features/ui/redux/initialState.js
FNF:0
FNH:0
DA:8,1
LF:1
LH:1
BRF:0
BRH:0
end_of_record
TN:
SF:/home/mojann/WebstormProjects/blockchainViewer/src/features/ui/redux/reducer.js
FN:14,reducer
FN:22,(anonymous_1)
FNF:2
FNH:1
FNDA:6,reducer
FNDA:0,(anonymous_1)
DA:11,1
DA:16,6
DA:19,6
DA:20,6
DA:22,6
LF:5
LH:5
BRDA:14,0,0,4
BRDA:16,1,0,6
BRF:2
BRH:2
end_of_record
